<?xml version="1.0" encoding="UTF-8"?>
<testsuite xmlns:xsi="http://www.w3.org/2001/XMLSchema-instance" xsi:noNamespaceSchemaLocation="https://maven.apache.org/surefire/maven-surefire-plugin/xsd/surefire-test-report.xsd" version="3.0.2" name="br.com.egotting.simple_api_restful_springboot.SimpleApiRestfulSpringbootApplicationTests" time="5.518" tests="1" errors="0" skipped="0" failures="0">
  <properties>
[...]
</properties>
  <testcase name="contextLoads" classname="br.com.egotting.simple_api_restful_springboot.SimpleApiRestfulSpringbootApplicationTests" time="0.422">
    <system-out><![CDATA[09:29:42.152 [main] INFO org.springframework.test.context.support.AnnotationConfigContextLoaderUtils -- Could not detect default configuration classes for test class [br.com.egotting.simple_api_restful_springboot.SimpleApiRestfulSpringbootApplicationTests]: SimpleApiRestfulSpringbootApplicationTests does not declare any static, non-private, non-final, nested classes annotated with @Configuration.
09:29:42.243 [main] INFO org.springframework.boot.test.context.SpringBootTestContextBootstrapper -- Found @SpringBootConfiguration br.com.egotting.simple_api_restful_springboot.SimpleApiRestfulSpringbootApplication for test class br.com.egotting.simple_api_restful_springboot.SimpleApiRestfulSpringbootApplicationTests

  .   ____          _            __ _ _
 /\\ / ___'_ __ _ _(_)_ __  __ _ \ \ \ \
( ( )\___ | '_ | '_| | '_ \/ _` | \ \ \ \
 \\/  ___)| |_)| | | | | || (_| |  ) ) ) )
  '  |____| .__|_| |_|_| |_\__, | / / / /
 =========|_|==============|___/=/_/_/_/

 :: Spring Boot ::                (v3.4.4)

2025-04-03T09:29:42.595-03:00  INFO 13274 --- [simple-api-restful-springboot] [           main] mpleApiRestfulSpringbootApplicationTests : Starting SimpleApiRestfulSpringbootApplicationTests using Java 21.0.6 with PID 13274 (started by ego in /home/ego/Documents/repo/github.com/egotting/simple-api-restful-springboot)
2025-04-03T09:29:42.597-03:00  INFO 13274 --- [simple-api-restful-springboot] [           main] mpleApiRestfulSpringbootApplicationTests : No active profile set, falling back to 1 default profile: "default"
2025-04-03T09:29:43.409-03:00  INFO 13274 --- [simple-api-restful-springboot] [           main] .s.d.r.c.RepositoryConfigurationDelegate : Bootstrapping Spring Data JPA repositories in DEFAULT mode.
2025-04-03T09:29:43.454-03:00  INFO 13274 --- [simple-api-restful-springboot] [           main] .s.d.r.c.RepositoryConfigurationDelegate : Finished Spring Data repository scanning in 37 ms. Found 1 JPA repository interface.
2025-04-03T09:29:44.117-03:00  INFO 13274 --- [simple-api-restful-springboot] [           main] com.zaxxer.hikari.HikariDataSource       : HikariPool-1 - Starting...
2025-04-03T09:29:44.194-03:00  INFO 13274 --- [simple-api-restful-springboot] [           main] com.zaxxer.hikari.pool.HikariPool        : HikariPool-1 - Added connection org.postgresql.jdbc.PgConnection@27afbf14
2025-04-03T09:29:44.195-03:00  INFO 13274 --- [simple-api-restful-springboot] [           main] com.zaxxer.hikari.HikariDataSource       : HikariPool-1 - Start completed.
2025-04-03T09:29:44.219-03:00  INFO 13274 --- [simple-api-restful-springboot] [           main] o.f.c.i.resource.ResourceNameValidator   : 1 SQL migrations were detected but not run because they did not follow the filename convention.
2025-04-03T09:29:44.219-03:00  INFO 13274 --- [simple-api-restful-springboot] [           main] o.f.c.i.resource.ResourceNameValidator   : Set 'validateMigrationNaming' to true to fail fast and see a list of the invalid file names.
2025-04-03T09:29:44.224-03:00  INFO 13274 --- [simple-api-restful-springboot] [           main] org.flywaydb.core.FlywayExecutor         : Database: jdbc:postgresql://localhost:5432/user_db (PostgreSQL 17.2)
2025-04-03T09:29:44.266-03:00  INFO 13274 --- [simple-api-restful-springboot] [           main] o.f.core.internal.command.DbValidate     : Successfully validated 2 migrations (execution time 00:00.023s)
2025-04-03T09:29:44.286-03:00  INFO 13274 --- [simple-api-restful-springboot] [           main] o.f.core.internal.command.DbMigrate      : Current version of schema "public": 1
2025-04-03T09:29:44.289-03:00  INFO 13274 --- [simple-api-restful-springboot] [           main] o.f.core.internal.command.DbMigrate      : Schema "public" is up to date. No migration necessary.
2025-04-03T09:29:44.391-03:00  INFO 13274 --- [simple-api-restful-springboot] [           main] o.hibernate.jpa.internal.util.LogHelper  : HHH000204: Processing PersistenceUnitInfo [name: default]
2025-04-03T09:29:44.428-03:00  INFO 13274 --- [simple-api-restful-springboot] [           main] org.hibernate.Version                    : HHH000412: Hibernate ORM core version 6.6.11.Final
2025-04-03T09:29:44.452-03:00  INFO 13274 --- [simple-api-restful-springboot] [           main] o.h.c.internal.RegionFactoryInitiator    : HHH000026: Second-level cache disabled
2025-04-03T09:29:44.649-03:00  INFO 13274 --- [simple-api-restful-springboot] [           main] o.s.o.j.p.SpringPersistenceUnitInfo      : No LoadTimeWeaver setup: ignoring JPA class transformer
2025-04-03T09:29:44.702-03:00  INFO 13274 --- [simple-api-restful-springboot] [           main] org.hibernate.orm.connections.pooling    : HHH10001005: Database info:
	Database JDBC URL [Connecting through datasource 'HikariDataSource (HikariPool-1)']
	Database driver: undefined/unknown
	Database version: 17.2
	Autocommit mode: undefined/unknown
	Isolation level: undefined/unknown
	Minimum pool size: undefined/unknown
	Maximum pool size: undefined/unknown
2025-04-03T09:29:45.151-03:00  INFO 13274 --- [simple-api-restful-springboot] [           main] o.h.m.i.EntityInstantiatorPojoStandard   : HHH000182: No default (no-argument) constructor for class: br.com.egotting.simple_api_restful_springboot.domain.Entity.User.User (class must be instantiated by Interceptor)
2025-04-03T09:29:45.280-03:00  INFO 13274 --- [simple-api-restful-springboot] [           main] o.h.e.t.j.p.i.JtaPlatformInitiator       : HHH000489: No JTA platform available (set 'hibernate.transaction.jta.platform' to enable JTA platform integration)
2025-04-03T09:29:45.282-03:00  INFO 13274 --- [simple-api-restful-springboot] [           main] j.LocalContainerEntityManagerFactoryBean : Initialized JPA EntityManagerFactory for persistence unit 'default'
2025-04-03T09:29:45.546-03:00  INFO 13274 --- [simple-api-restful-springboot] [           main] o.s.d.j.r.query.QueryEnhancerFactory     : Hibernate is in classpath; If applicable, HQL parser will be used.
2025-04-03T09:29:45.994-03:00  INFO 13274 --- [simple-api-restful-springboot] [           main] r$InitializeUserDetailsManagerConfigurer : Global AuthenticationManager configured with UserDetailsService bean with name authorizationService
2025-04-03T09:29:46.038-03:00  WARN 13274 --- [simple-api-restful-springboot] [           main] JpaBaseConfiguration$JpaWebConfiguration : spring.jpa.open-in-view is enabled by default. Therefore, database queries may be performed during view rendering. Explicitly configure spring.jpa.open-in-view to disable this warning
2025-04-03T09:29:46.523-03:00  INFO 13274 --- [simple-api-restful-springboot] [           main] o.s.b.a.e.web.EndpointLinksResolver      : Exposing 1 endpoint beneath base path '/actuator'
2025-04-03T09:29:47.034-03:00  INFO 13274 --- [simple-api-restful-springboot] [           main] mpleApiRestfulSpringbootApplicationTests : Started SimpleApiRestfulSpringbootApplicationTests in 4.688 seconds (process running for 5.433)
]]></system-out>
    <system-err><![CDATA[Mockito is currently self-attaching to enable the inline-mock-maker. This will no longer work in future releases of the JDK. Please add Mockito as an agent to your build what is described in Mockito's documentation: https://javadoc.io/doc/org.mockito/mockito-core/latest/org/mockito/Mockito.html#0.3
WARNING: A Java agent has been loaded dynamically (/home/ego/.m2/repository/net/bytebuddy/byte-buddy-agent/1.15.11/byte-buddy-agent-1.15.11.jar)
WARNING: If a serviceability tool is in use, please run with -XX:+EnableDynamicAgentLoading to hide this warning
WARNING: If a serviceability tool is not in use, please run with -Djdk.instrument.traceUsage for more information
WARNING: Dynamic loading of agents will be disallowed by default in a future release
]]></system-err>
  </testcase>
</testsuite>